Fetching New York (KNYC)...
  Found 731 records via network=NY_ASOS
  Saved 731 records to data/nws_history/knyc_history.csv
Fetching Chicago (KORD)...
  Found 731 records via network=IL_ASOS
  Saved 731 records to data/nws_history/kord_history.csv
Fetching Los Angeles (KLAX)...
  Found 731 records via network=CA_ASOS
  Saved 731 records to data/nws_history/klax_history.csv
Fetching Miami (KMIA)...
  Found 731 records via network=FL_ASOS
  Saved 731 records to data/nws_history/kmia_history.csv
Fetching Austin (KAUS)...
  Found 731 records via network=TX_ASOS
  Saved 731 records to data/nws_history/kaus_history.csv
Fetching New York (KNYC)...
  Found 731 records via network=NY_ASOS
  Saved 731 records to data/nws_history/knyc_history.csv
Fetching Chicago (KORD)...
  Found 731 records via network=IL_ASOS
  Saved 731 records to data/nws_history/kord_history.csv
Fetching Los Angeles (KLAX)...
  Found 731 records via network=CA_ASOS
  Saved 731 records to data/nws_history/klax_history.csv
Fetching Miami (KMIA)...
  Found 731 records via network=FL_ASOS
  Saved 731 records to data/nws_history/kmia_history.csv
Fetching Austin (KAUS)...
  Found 731 records via network=TX_ASOS
  Saved 731 records to data/nws_history/kaus_history.csv
Fetching New York (KNYC)...
  Found 731 records via network=NY_ASOS
  Saved 731 records to data/nws_history/knyc_history.csv
Fetching Chicago (KORD)...
  Found 731 records via network=IL_ASOS
  Saved 731 records to data/nws_history/kord_history.csv
Fetching Los Angeles (KLAX)...
  Found 731 records via network=CA_ASOS
  Saved 731 records to data/nws_history/klax_history.csv
Fetching Miami (KMIA)...
  Found 731 records via network=FL_ASOS
  Saved 731 records to data/nws_history/kmia_history.csv
Fetching Austin (KAUS)...
  Found 731 records via network=TX_ASOS
  Saved 731 records to data/nws_history/kaus_history.csv
